Determining if the CL_VERSION_2_2 exist failed with the following output:
Change Dir: /home/newton/github/test/FFT-Multiexp-AMD/build/CMakeFiles/CMakeTmp

Run Build Command(s):/usr/bin/make cmTC_127b0/fast 
/usr/bin/make -f CMakeFiles/cmTC_127b0.dir/build.make CMakeFiles/cmTC_127b0.dir/build
make[1]: Entering directory '/home/newton/github/test/FFT-Multiexp-AMD/build/CMakeFiles/CMakeTmp'
Building C object CMakeFiles/cmTC_127b0.dir/CheckSymbolExists.c.o
/usr/bin/cc    -o CMakeFiles/cmTC_127b0.dir/CheckSymbolExists.c.o   -c /home/newton/github/test/FFT-Multiexp-AMD/build/CMakeFiles/CMakeTmp/CheckSymbolExists.c
/home/newton/github/test/FFT-Multiexp-AMD/build/CMakeFiles/CMakeTmp/CheckSymbolExists.c: In function ‘main’:
/home/newton/github/test/FFT-Multiexp-AMD/build/CMakeFiles/CMakeTmp/CheckSymbolExists.c:8:19: error: ‘CL_VERSION_2_2’ undeclared (first use in this function)
   return ((int*)(&CL_VERSION_2_2))[argc];
                   ^~~~~~~~~~~~~~
/home/newton/github/test/FFT-Multiexp-AMD/build/CMakeFiles/CMakeTmp/CheckSymbolExists.c:8:19: note: each undeclared identifier is reported only once for each function it appears in
CMakeFiles/cmTC_127b0.dir/build.make:65: recipe for target 'CMakeFiles/cmTC_127b0.dir/CheckSymbolExists.c.o' failed
make[1]: *** [CMakeFiles/cmTC_127b0.dir/CheckSymbolExists.c.o] Error 1
make[1]: Leaving directory '/home/newton/github/test/FFT-Multiexp-AMD/build/CMakeFiles/CMakeTmp'
Makefile:121: recipe for target 'cmTC_127b0/fast' failed
make: *** [cmTC_127b0/fast] Error 2

File /home/newton/github/test/FFT-Multiexp-AMD/build/CMakeFiles/CMakeTmp/CheckSymbolExists.c:
/* */
#include </usr/include/CL/cl.h>

int main(int argc, char** argv)
{
  (void)argv;
#ifndef CL_VERSION_2_2
  return ((int*)(&CL_VERSION_2_2))[argc];
#else
  (void)argc;
  return 0;
#endif
}

Determining if the CL_VERSION_2_1 exist failed with the following output:
Change Dir: /home/newton/github/test/FFT-Multiexp-AMD/build/CMakeFiles/CMakeTmp

Run Build Command(s):/usr/bin/make cmTC_a2d1a/fast 
/usr/bin/make -f CMakeFiles/cmTC_a2d1a.dir/build.make CMakeFiles/cmTC_a2d1a.dir/build
make[1]: Entering directory '/home/newton/github/test/FFT-Multiexp-AMD/build/CMakeFiles/CMakeTmp'
Building C object CMakeFiles/cmTC_a2d1a.dir/CheckSymbolExists.c.o
/usr/bin/cc    -o CMakeFiles/cmTC_a2d1a.dir/CheckSymbolExists.c.o   -c /home/newton/github/test/FFT-Multiexp-AMD/build/CMakeFiles/CMakeTmp/CheckSymbolExists.c
/home/newton/github/test/FFT-Multiexp-AMD/build/CMakeFiles/CMakeTmp/CheckSymbolExists.c: In function ‘main’:
/home/newton/github/test/FFT-Multiexp-AMD/build/CMakeFiles/CMakeTmp/CheckSymbolExists.c:8:19: error: ‘CL_VERSION_2_1’ undeclared (first use in this function)
   return ((int*)(&CL_VERSION_2_1))[argc];
                   ^~~~~~~~~~~~~~
/home/newton/github/test/FFT-Multiexp-AMD/build/CMakeFiles/CMakeTmp/CheckSymbolExists.c:8:19: note: each undeclared identifier is reported only once for each function it appears in
CMakeFiles/cmTC_a2d1a.dir/build.make:65: recipe for target 'CMakeFiles/cmTC_a2d1a.dir/CheckSymbolExists.c.o' failed
make[1]: *** [CMakeFiles/cmTC_a2d1a.dir/CheckSymbolExists.c.o] Error 1
make[1]: Leaving directory '/home/newton/github/test/FFT-Multiexp-AMD/build/CMakeFiles/CMakeTmp'
Makefile:121: recipe for target 'cmTC_a2d1a/fast' failed
make: *** [cmTC_a2d1a/fast] Error 2

File /home/newton/github/test/FFT-Multiexp-AMD/build/CMakeFiles/CMakeTmp/CheckSymbolExists.c:
/* */
#include </usr/include/CL/cl.h>

int main(int argc, char** argv)
{
  (void)argv;
#ifndef CL_VERSION_2_1
  return ((int*)(&CL_VERSION_2_1))[argc];
#else
  (void)argc;
  return 0;
#endif
}

